<?xml version="1.0" encoding="UTF-8"?>
<testsuites>
  <testsuite name="upload_a_userpic" timestamp="2020-11-09T15:49:37" time="22.063" tests="2" failures="0" errors="0" skipped="0">
    <properties>
      <property name="specId" value="0"/>
      <property name="suiteName" value="upload a userpic"/>
      <property name="capabilities" value="chrome.86_0_4240_183.windows"/>
      <property name="file" value=".\test\specs\3_upload_a_userpick.js"/>
    </properties>
    <testcase classname="chrome.86_0_4240_183.windows.upload_a_userpic" name="account_page" time="0.573">
      <system-out>
        <![CDATA[
COMMAND: POST /session/bf1177f45b5ff8e2634fe1a04fd4f290/element - {"using":"xpath","value":"//*[@id=\"root\"]/div[2]/header[1]/div/p[3]/a"}
RESULT: {"using":"xpath","value":"//*[@id=\"root\"]/div[2]/header[1]/div/p[3]/a"}
COMMAND: POST /session/bf1177f45b5ff8e2634fe1a04fd4f290/element/98bab0fb-b038-41f7-b881-7b91ff556e85/click - {}
RESULT: {}
COMMAND: POST /session/bf1177f45b5ff8e2634fe1a04fd4f290/timeouts - {"pageLoad":10000}
RESULT: {"pageLoad":10000}
COMMAND: GET /session/bf1177f45b5ff8e2634fe1a04fd4f290/url - {}
RESULT: {}
COMMAND: GET /session/bf1177f45b5ff8e2634fe1a04fd4f290/url - {}
RESULT: {}
]]>
      </system-out>
    </testcase>
    <testcase classname="chrome.86_0_4240_183.windows.upload_a_userpic" name="uploads_a_file" time="6.245">
      <system-out>
        <![CDATA[
COMMAND: POST /session/bf1177f45b5ff8e2634fe1a04fd4f290/file - {"file":"[base64] 24936 bytes"}
RESULT: {"file":"[base64] 24936 bytes"}
COMMAND: POST /session/bf1177f45b5ff8e2634fe1a04fd4f290/element - {"using":"xpath","value":"//*[@id=\"root\"]/div[2]/div/div/div/div/div[3]/div[2]/div/div/div/div[3]/a/p"}
RESULT: {"using":"xpath","value":"//*[@id=\"root\"]/div[2]/div/div/div/div/div[3]/div[2]/div/div/div/div[3]/a/p"}
COMMAND: POST /session/bf1177f45b5ff8e2634fe1a04fd4f290/element/d01a04d5-b2d0-41ef-9f42-b902a19c8d74/click - {}
RESULT: {}
COMMAND: POST /session/bf1177f45b5ff8e2634fe1a04fd4f290/timeouts - {"pageLoad":10000}
RESULT: {"pageLoad":10000}
COMMAND: GET /session/bf1177f45b5ff8e2634fe1a04fd4f290/url - {}
RESULT: {}
COMMAND: GET /session/bf1177f45b5ff8e2634fe1a04fd4f290/url - {}
RESULT: {}
COMMAND: POST /session/bf1177f45b5ff8e2634fe1a04fd4f290/execute/sync - {"script":"return (function () {\n      document.getElementById('photo').style.display = 'block';\n    }).apply(null, arguments)","args":[]}
RESULT: {"script":"return (function () {\n      document.getElementById('photo').style.display = 'block';\n    }).apply(null, arguments)","args":[]}
COMMAND: POST /session/bf1177f45b5ff8e2634fe1a04fd4f290/element - {"using":"xpath","value":"//*[@id=\"photo\"]"}
RESULT: {"using":"xpath","value":"//*[@id=\"photo\"]"}
COMMAND: POST /session/bf1177f45b5ff8e2634fe1a04fd4f290/execute/sync - {"script":"return (function isElementDisplayed(element) {\n    function nodeIsElement(node) {\n        if (!node) {\n            return false;\n        }\n        switch (node.nodeType) {\n            case Node.ELEMEN ... (5353 more bytes)","args":[{"element-6066-11e4-a52e-4f735466cecf":"91a848c7-e5da-41ad-a210-9915ab0ed522","ELEMENT":"91a848c7-e5da-41ad-a210-9915ab0ed522"}]}
RESULT: {"script":"return (function isElementDisplayed(element) {\n    function nodeIsElement(node) {\n        if (!node) {\n            return false;\n        }\n        switch (node.nodeType) {\n            case Node.ELEMEN ... (5353 more bytes)","args":[{"element-6066-11e4-a52e-4f735466cecf":"91a848c7-e5da-41ad-a210-9915ab0ed522","ELEMENT":"91a848c7-e5da-41ad-a210-9915ab0ed522"}]}
COMMAND: POST /session/bf1177f45b5ff8e2634fe1a04fd4f290/element - {"using":"xpath","value":"//*[@id=\"photo\"]"}
RESULT: {"using":"xpath","value":"//*[@id=\"photo\"]"}
COMMAND: POST /session/bf1177f45b5ff8e2634fe1a04fd4f290/element/91a848c7-e5da-41ad-a210-9915ab0ed522/clear - {}
RESULT: {}
COMMAND: POST /session/bf1177f45b5ff8e2634fe1a04fd4f290/element/91a848c7-e5da-41ad-a210-9915ab0ed522/value - {"text":"C:\\Users\\YAUHEN~1.ZAY\\AppData\\Local\\Temp\\scoped_dir13944_1693537418\\upload13944_558032692\\picture.jpg"}
RESULT: {"text":"C:\\Users\\YAUHEN~1.ZAY\\AppData\\Local\\Temp\\scoped_dir13944_1693537418\\upload13944_558032692\\picture.jpg"}
COMMAND: DELETE /session/bf1177f45b5ff8e2634fe1a04fd4f290 - {}
RESULT: {}
]]>
      </system-out>
    </testcase>
  </testsuite>
</testsuites>